Using pre-set license
Built from '2020.3/staging' branch; Version is '2020.3.26f1 (7298b473bc1a) revision 7510196'; Using compiler version '192528614'; Build Type 'Release'
OS: 'Windows 10  (10.0.17763) 64bit EnterpriseS' Language: 'ru' Physical Memory: 16332 MB
BatchMode: 1, IsHumanControllingUs: 0, StartBugReporterOnCrash: 0, Is64bit: 1, IsPro: 0

COMMAND LINE ARGUMENTS:
C:\Program Files\Unity\Hub\Editor\2020.3.26f1\Editor\Unity.exe
-adb2
-batchMode
-noUpm
-name
AssetImportWorker0
-projectPath
D:/UnityProjects/Parking
-logFile
Logs/AssetImportWorker0.log
-srvPort
64415
Successfully changed project path to: D:/UnityProjects/Parking
D:/UnityProjects/Parking
Using Asset Import Pipeline V2.
Refreshing native plugins compatible for Editor in 43.87 ms, found 3 plugins.
Preloading 0 native plugins for Editor in 0.00 ms.
Initialize engine version: 2020.3.26f1 (7298b473bc1a)
[Subsystems] Discovering subsystems at path C:/Program Files/Unity/Hub/Editor/2020.3.26f1/Editor/Data/Resources/UnitySubsystems
[Subsystems] Discovering subsystems at path D:/UnityProjects/Parking/Assets
GfxDevice: creating device client; threaded=0
Direct3D:
    Version:  Direct3D 11.0 [level 11.1]
    Renderer: NVIDIA GeForce RTX 3060 (ID=0x2504)
    Vendor:   
    VRAM:     12129 MB
    Driver:   31.0.15.2833
Initialize mono
Mono path[0] = 'C:/Program Files/Unity/Hub/Editor/2020.3.26f1/Editor/Data/Managed'
Mono path[1] = 'C:/Program Files/Unity/Hub/Editor/2020.3.26f1/Editor/Data/MonoBleedingEdge/lib/mono/unityjit'
Mono config path = 'C:/Program Files/Unity/Hub/Editor/2020.3.26f1/Editor/Data/MonoBleedingEdge/etc'
Using monoOptions --debugger-agent=transport=dt_socket,embedding=1,server=y,suspend=n,address=127.0.0.1:56696
Begin MonoManager ReloadAssembly
Registering precompiled unity dll's ...
Register platform support module: C:/Program Files/Unity/Hub/Editor/2020.3.26f1/Editor/Data/PlaybackEngines/WebGLSupport/UnityEditor.WebGL.Extensions.dll
Register platform support module: C:/Program Files/Unity/Hub/Editor/2020.3.26f1/Editor/Data/PlaybackEngines/WindowsStandaloneSupport/UnityEditor.WindowsStandalone.Extensions.dll
Registered in 0.000918 seconds.
Native extension for WindowsStandalone target not found
Native extension for WebGL target not found
Refreshing native plugins compatible for Editor in 42.56 ms, found 3 plugins.
Preloading 0 native plugins for Editor in 0.00 ms.
Mono: successfully reloaded assembly
- Completed reload, in  0.466 seconds
Domain Reload Profiling:
	ReloadAssembly (466ms)
		BeginReloadAssembly (39ms)
			ExecutionOrderSort (0ms)
			DisableScriptedObjects (0ms)
			BackupInstance (0ms)
			ReleaseScriptingObjects (0ms)
			CreateAndSetChildDomain (1ms)
		EndReloadAssembly (373ms)
			LoadAssemblies (38ms)
			RebuildTransferFunctionScriptingTraits (0ms)
			SetupTypeCache (121ms)
			ReleaseScriptCaches (0ms)
			RebuildScriptCaches (24ms)
			SetupLoadedEditorAssemblies (154ms)
				LogAssemblyErrors (0ms)
				InitializePlatformSupportModulesInManaged (4ms)
				SetLoadedEditorAssemblies (0ms)
				RefreshPlugins (43ms)
				BeforeProcessingInitializeOnLoad (10ms)
				ProcessInitializeOnLoadAttributes (76ms)
				ProcessInitializeOnLoadMethodAttributes (21ms)
				AfterProcessingInitializeOnLoad (0ms)
				EditorAssembliesLoaded (0ms)
			ExecutionOrderSort2 (0ms)
			AwakeInstancesAfterBackupRestoration (0ms)
Platform modules already initialized, skipping
Registering precompiled user dll's ...
Registered in 0.002318 seconds.
Begin MonoManager ReloadAssembly
Native extension for WindowsStandalone target not found
Native extension for WebGL target not found
Refreshing native plugins compatible for Editor in 42.09 ms, found 3 plugins.
Preloading 0 native plugins for Editor in 0.00 ms.
Mono: successfully reloaded assembly
- Completed reload, in  0.859 seconds
Domain Reload Profiling:
	ReloadAssembly (859ms)
		BeginReloadAssembly (109ms)
			ExecutionOrderSort (0ms)
			DisableScriptedObjects (4ms)
			BackupInstance (0ms)
			ReleaseScriptingObjects (0ms)
			CreateAndSetChildDomain (15ms)
		EndReloadAssembly (704ms)
			LoadAssemblies (66ms)
			RebuildTransferFunctionScriptingTraits (0ms)
			SetupTypeCache (236ms)
			ReleaseScriptCaches (0ms)
			RebuildScriptCaches (39ms)
			SetupLoadedEditorAssemblies (272ms)
				LogAssemblyErrors (0ms)
				InitializePlatformSupportModulesInManaged (3ms)
				SetLoadedEditorAssemblies (0ms)
				RefreshPlugins (42ms)
				BeforeProcessingInitializeOnLoad (60ms)
				ProcessInitializeOnLoadAttributes (153ms)
				ProcessInitializeOnLoadMethodAttributes (12ms)
				AfterProcessingInitializeOnLoad (2ms)
				EditorAssembliesLoaded (0ms)
			ExecutionOrderSort2 (0ms)
			AwakeInstancesAfterBackupRestoration (5ms)
Platform modules already initialized, skipping
========================================================================
Worker process is ready to serve import requests
Launched and connected shader compiler UnityShaderCompiler.exe after 0.03 seconds
Refreshing native plugins compatible for Editor in 0.56 ms, found 3 plugins.
Preloading 0 native plugins for Editor in 0.00 ms.
Unloading 2304 Unused Serialized files (Serialized files now loaded: 0)
System memory in use before: 118.8 MB.
System memory in use after: 119.0 MB.

Unloading 40 unused Assets to reduce memory usage. Loaded Objects now: 2747.
Total: 2.903700 ms (FindLiveObjects: 0.199100 ms CreateObjectMapping: 0.063800 ms MarkObjects: 2.609400 ms  DeleteObjects: 0.029600 ms)

AssetImportParameters requested are different than current active one (requested -> active):
  custom:framework-win-MediaFoundation: 216162199b28c13a410421893ffa2e32 -> 
  custom:video-decoder-ogg-theora: a1e56fd34408186e4bbccfd4996cb3dc -> 
  custom:container-muxer-webm: aa71ff27fc2769a1b78a27578f13a17b -> 
  custom:container-demuxer-webm: 4f35f7cbe854078d1ac9338744f61a02 -> 
  custom:container-demuxer-ogg: 62fdf1f143b41e24485cea50d1cbac27 -> 
  custom:video-encoder-webm-vp8: eb34c28f22e8b96e1ab97ce403110664 -> 
  custom:video-decoder-webm-vp8: 9c59270c3fd7afecdb556c50c9e8de78 -> 
  custom:audio-decoder-ogg-vorbis: bf7c407c2cedff20999df2af8eb42d56 -> 
  custom:audio-encoder-webm-vorbis: bf7c407c2cedff20999df2af8eb42d56 -> 
========================================================================
Received Import Request.
  path: Assets/Sprites/Exit.png
  artifactKey: Guid(0300ab662ab24b84a9d9b78b2a1e997d) Importer(815301076,1909f56bfc062723c751e8b465ee728b)
Start importing Assets/Sprites/Exit.png using Guid(0300ab662ab24b84a9d9b78b2a1e997d) Importer(815301076,1909f56bfc062723c751e8b465ee728b)  -> (artifact id: '7407446f6bb54d4b44fbfdd88b2a3674') in 0.097208 seconds 
  Import took 0.100492 seconds .

========================================================================
Received Import Request.
  Time since last request: 0.000213 seconds.
  path: Assets/Sprites/Button.png
  artifactKey: Guid(0c951ae970fd3484ca1c9ee71d6b1723) Importer(815301076,1909f56bfc062723c751e8b465ee728b)
Start importing Assets/Sprites/Button.png using Guid(0c951ae970fd3484ca1c9ee71d6b1723) Importer(815301076,1909f56bfc062723c751e8b465ee728b)  -> (artifact id: '3baae880dd5b6cb02be28abe82ebc914') in 0.015524 seconds 
  Import took 0.018719 seconds .

========================================================================
Received Import Request.
  Time since last request: 0.000192 seconds.
  path: Assets/Sprites/GradientBG.png
  artifactKey: Guid(949054a3313034d4f8917c98eb6e109c) Importer(815301076,1909f56bfc062723c751e8b465ee728b)
Start importing Assets/Sprites/GradientBG.png using Guid(949054a3313034d4f8917c98eb6e109c) Importer(815301076,1909f56bfc062723c751e8b465ee728b)  -> (artifact id: '0e2b666feee85cee74487f454940be12') in 0.036256 seconds 
  Import took 0.039089 seconds .

========================================================================
Received Import Request.
  Time since last request: 0.000182 seconds.
  path: Assets/Sprites/project_avatar.png
  artifactKey: Guid(346db6e3eae0d914e95234dfd100e29f) Importer(815301076,1909f56bfc062723c751e8b465ee728b)
Start importing Assets/Sprites/project_avatar.png using Guid(346db6e3eae0d914e95234dfd100e29f) Importer(815301076,1909f56bfc062723c751e8b465ee728b)  -> (artifact id: 'cbd7ce783984d894d890f516742da8fd') in 0.019346 seconds 
  Import took 0.022295 seconds .

========================================================================
Received Import Request.
  Time since last request: 0.000205 seconds.
  path: Assets/Sprites/Settings.png
  artifactKey: Guid(7c042c08b788df742955dcb1f24ae16a) Importer(815301076,1909f56bfc062723c751e8b465ee728b)
Start importing Assets/Sprites/Settings.png using Guid(7c042c08b788df742955dcb1f24ae16a) Importer(815301076,1909f56bfc062723c751e8b465ee728b)  -> (artifact id: '44217065f300b2d3b84443e5d5e2dd5f') in 0.017396 seconds 
  Import took 0.020356 seconds .

========================================================================
Received Import Request.
  Time since last request: 0.000154 seconds.
  path: Assets/Sprites/Button_2_inside.png
  artifactKey: Guid(41fe4a233f49a9a4296667983eece4d1) Importer(815301076,1909f56bfc062723c751e8b465ee728b)
Start importing Assets/Sprites/Button_2_inside.png using Guid(41fe4a233f49a9a4296667983eece4d1) Importer(815301076,1909f56bfc062723c751e8b465ee728b)  -> (artifact id: '3cd49b92200a1536a427a975dd66df4f') in 0.025828 seconds 
  Import took 0.028550 seconds .

========================================================================
Received Import Request.
  Time since last request: 0.000178 seconds.
  path: Assets/Sprites/Map.png
  artifactKey: Guid(9d5c69306c8c98a46a670f8e26893874) Importer(815301076,1909f56bfc062723c751e8b465ee728b)
Start importing Assets/Sprites/Map.png using Guid(9d5c69306c8c98a46a670f8e26893874) Importer(815301076,1909f56bfc062723c751e8b465ee728b)  -> (artifact id: 'f3152b8305685aaf8f2023148a6b429c') in 0.026756 seconds 
  Import took 0.029948 seconds .

========================================================================
Received Import Request.
  Time since last request: 0.000171 seconds.
  path: Assets/Sprites/Dollar.png
  artifactKey: Guid(970d8f55636871b48a133c3269ba418e) Importer(815301076,1909f56bfc062723c751e8b465ee728b)
Start importing Assets/Sprites/Dollar.png using Guid(970d8f55636871b48a133c3269ba418e) Importer(815301076,1909f56bfc062723c751e8b465ee728b)  -> (artifact id: '8f3d73c0ad5c9746e6d4cc603473207f') in 0.015923 seconds 
  Import took 0.019149 seconds .

========================================================================
Received Import Request.
  Time since last request: 0.000176 seconds.
  path: Assets/Sprites/Close.png
  artifactKey: Guid(7e1b333680a42514f998fddde36643ae) Importer(815301076,1909f56bfc062723c751e8b465ee728b)
Start importing Assets/Sprites/Close.png using Guid(7e1b333680a42514f998fddde36643ae) Importer(815301076,1909f56bfc062723c751e8b465ee728b)  -> (artifact id: '20b94632f969b03330021121ee223f1e') in 0.019217 seconds 
  Import took 0.022391 seconds .

========================================================================
Received Import Request.
  Time since last request: 0.000171 seconds.
  path: Assets/Sprites/Gradient.png
  artifactKey: Guid(b8c1a723e28711a4b8bd361def2675ed) Importer(815301076,1909f56bfc062723c751e8b465ee728b)
Start importing Assets/Sprites/Gradient.png using Guid(b8c1a723e28711a4b8bd361def2675ed) Importer(815301076,1909f56bfc062723c751e8b465ee728b)  -> (artifact id: '5cdd45b72bda320619e4ee419d91b65e') in 0.039544 seconds 
  Import took 0.042819 seconds .

========================================================================
Received Import Request.
  Time since last request: 0.000171 seconds.
  path: Assets/Sprites/Star.png
  artifactKey: Guid(dc8ced8ffdbcd37448263b032ce31d84) Importer(815301076,1909f56bfc062723c751e8b465ee728b)
Start importing Assets/Sprites/Star.png using Guid(dc8ced8ffdbcd37448263b032ce31d84) Importer(815301076,1909f56bfc062723c751e8b465ee728b)  -> (artifact id: '5e66f7108bf473bab87b4b92316d91be') in 0.016997 seconds 
  Import took 0.019882 seconds .

========================================================================
Received Import Request.
  Time since last request: 0.000223 seconds.
  path: Assets/Sprites/MapPointer.png
  artifactKey: Guid(6cf177b88e31def4dbf494ee0d64f963) Importer(815301076,1909f56bfc062723c751e8b465ee728b)
Start importing Assets/Sprites/MapPointer.png using Guid(6cf177b88e31def4dbf494ee0d64f963) Importer(815301076,1909f56bfc062723c751e8b465ee728b)  -> (artifact id: '31a5aa86a5db6eb56aa783d7b922a18e') in 0.017679 seconds 
  Import took 0.020657 seconds .

========================================================================
Received Import Request.
  Time since last request: 0.000249 seconds.
  path: Assets/Sprites/DealStory.png
  artifactKey: Guid(bbe62f586763e364d815c777e416745f) Importer(815301076,1909f56bfc062723c751e8b465ee728b)
Start importing Assets/Sprites/DealStory.png using Guid(bbe62f586763e364d815c777e416745f) Importer(815301076,1909f56bfc062723c751e8b465ee728b)  -> (artifact id: 'dff2e1333a0b1730c71c244d68d1ca42') in 0.016446 seconds 
  Import took 0.019616 seconds .

========================================================================
Received Import Request.
  Time since last request: 0.000209 seconds.
  path: Assets/Sprites/Arrow.png
  artifactKey: Guid(33217b5f3cf2f844b8710b360f12d347) Importer(815301076,1909f56bfc062723c751e8b465ee728b)
Start importing Assets/Sprites/Arrow.png using Guid(33217b5f3cf2f844b8710b360f12d347) Importer(815301076,1909f56bfc062723c751e8b465ee728b)  -> (artifact id: '65b6b28897992c04429e5b099a4e5bf5') in 0.015626 seconds 
  Import took 0.018643 seconds .

========================================================================
Received Import Request.
  Time since last request: 0.000179 seconds.
  path: Assets/Sprites/StarGray.png
  artifactKey: Guid(29098b365accc5840a1232f2cdeb27c9) Importer(815301076,1909f56bfc062723c751e8b465ee728b)
Start importing Assets/Sprites/StarGray.png using Guid(29098b365accc5840a1232f2cdeb27c9) Importer(815301076,1909f56bfc062723c751e8b465ee728b)  -> (artifact id: '81ee03619c3685b44fa43e3c7b9589b6') in 0.016553 seconds 
  Import took 0.019520 seconds .

========================================================================
Received Import Request.
  Time since last request: 0.000174 seconds.
  path: Assets/Sprites/Button_2.png
  artifactKey: Guid(b8de52d6d8223a943b569973d7e0f20f) Importer(815301076,1909f56bfc062723c751e8b465ee728b)
Start importing Assets/Sprites/Button_2.png using Guid(b8de52d6d8223a943b569973d7e0f20f) Importer(815301076,1909f56bfc062723c751e8b465ee728b)  -> (artifact id: '67ff3224dc5d3958f5294bb66779885b') in 0.024819 seconds 
  Import took 0.027896 seconds .

========================================================================
Received Import Request.
  Time since last request: 0.000178 seconds.
  path: Assets/Sprites/Button_2_border.png
  artifactKey: Guid(778c4034900365d499401865e86fce0c) Importer(815301076,1909f56bfc062723c751e8b465ee728b)
Start importing Assets/Sprites/Button_2_border.png using Guid(778c4034900365d499401865e86fce0c) Importer(815301076,1909f56bfc062723c751e8b465ee728b)  -> (artifact id: 'bc3a555abb3abf4ef18c112dcb2ae390') in 0.023650 seconds 
  Import took 0.026928 seconds .

========================================================================
Received Import Request.
  Time since last request: 0.000196 seconds.
  path: Assets/Sprites/WhiteBG.png
  artifactKey: Guid(ca93e753bf69a134db7091682d7538b0) Importer(815301076,1909f56bfc062723c751e8b465ee728b)
Start importing Assets/Sprites/WhiteBG.png using Guid(ca93e753bf69a134db7091682d7538b0) Importer(815301076,1909f56bfc062723c751e8b465ee728b)  -> (artifact id: '59fc2924dda4b56738c3008e7a26cf8f') in 0.021231 seconds 
  Import took 0.024466 seconds .

========================================================================
Received Import Request.
  Time since last request: 0.000178 seconds.
  path: Assets/Sprites/point.png
  artifactKey: Guid(cc87b776eeb08894caf7c5e4ab708eb5) Importer(815301076,1909f56bfc062723c751e8b465ee728b)
Start importing Assets/Sprites/point.png using Guid(cc87b776eeb08894caf7c5e4ab708eb5) Importer(815301076,1909f56bfc062723c751e8b465ee728b)  -> (artifact id: '88f0fb8631a24829b569ddfe66fc7da6') in 0.017949 seconds 
  Import took 0.020812 seconds .

========================================================================
Received Prepare
Refreshing native plugins compatible for Editor in 4.27 ms, found 3 plugins.
Preloading 0 native plugins for Editor in 0.00 ms.
Unloading 28 Unused Serialized files (Serialized files now loaded: 0)
System memory in use before: 76.6 MB.
System memory in use after: 76.9 MB.

Unloading 28 unused Assets to reduce memory usage. Loaded Objects now: 2759.
Total: 3.402200 ms (FindLiveObjects: 0.208400 ms CreateObjectMapping: 0.070200 ms MarkObjects: 3.110400 ms  DeleteObjects: 0.012300 ms)

AssetImportParameters requested are different than current active one (requested -> active):
  custom:framework-win-MediaFoundation: 216162199b28c13a410421893ffa2e32 -> 
  custom:video-decoder-ogg-theora: a1e56fd34408186e4bbccfd4996cb3dc -> 
  custom:container-muxer-webm: aa71ff27fc2769a1b78a27578f13a17b -> 
  custom:container-demuxer-webm: 4f35f7cbe854078d1ac9338744f61a02 -> 
  custom:container-demuxer-ogg: 62fdf1f143b41e24485cea50d1cbac27 -> 
  custom:video-encoder-webm-vp8: eb34c28f22e8b96e1ab97ce403110664 -> 
  custom:video-decoder-webm-vp8: 9c59270c3fd7afecdb556c50c9e8de78 -> 
  custom:audio-decoder-ogg-vorbis: bf7c407c2cedff20999df2af8eb42d56 -> 
  custom:audio-encoder-webm-vorbis: bf7c407c2cedff20999df2af8eb42d56 -> 
AssetImportWorkerClient::OnTransportError - code=2 error=End of file
