Using pre-set license
Built from '2020.3/staging' branch; Version is '2020.3.26f1 (7298b473bc1a) revision 7510196'; Using compiler version '192528614'; Build Type 'Release'
OS: 'Windows 10  (10.0.17763) 64bit EnterpriseS' Language: 'ru' Physical Memory: 16332 MB
BatchMode: 1, IsHumanControllingUs: 0, StartBugReporterOnCrash: 0, Is64bit: 1, IsPro: 0

COMMAND LINE ARGUMENTS:
C:\Program Files\Unity\Hub\Editor\2020.3.26f1\Editor\Unity.exe
-adb2
-batchMode
-noUpm
-name
AssetImportWorker0
-projectPath
D:/UnityProjects/Parking
-logFile
Logs/AssetImportWorker0.log
-srvPort
64068
Successfully changed project path to: D:/UnityProjects/Parking
D:/UnityProjects/Parking
Using Asset Import Pipeline V2.
Refreshing native plugins compatible for Editor in 43.79 ms, found 3 plugins.
Preloading 0 native plugins for Editor in 0.00 ms.
Initialize engine version: 2020.3.26f1 (7298b473bc1a)
[Subsystems] Discovering subsystems at path C:/Program Files/Unity/Hub/Editor/2020.3.26f1/Editor/Data/Resources/UnitySubsystems
[Subsystems] Discovering subsystems at path D:/UnityProjects/Parking/Assets
GfxDevice: creating device client; threaded=0
Direct3D:
    Version:  Direct3D 11.0 [level 11.1]
    Renderer: NVIDIA GeForce RTX 3060 (ID=0x2504)
    Vendor:   
    VRAM:     12129 MB
    Driver:   31.0.15.2833
Initialize mono
Mono path[0] = 'C:/Program Files/Unity/Hub/Editor/2020.3.26f1/Editor/Data/Managed'
Mono path[1] = 'C:/Program Files/Unity/Hub/Editor/2020.3.26f1/Editor/Data/MonoBleedingEdge/lib/mono/unityjit'
Mono config path = 'C:/Program Files/Unity/Hub/Editor/2020.3.26f1/Editor/Data/MonoBleedingEdge/etc'
Using monoOptions --debugger-agent=transport=dt_socket,embedding=1,server=y,suspend=n,address=127.0.0.1:56712
Begin MonoManager ReloadAssembly
Registering precompiled unity dll's ...
Register platform support module: C:/Program Files/Unity/Hub/Editor/2020.3.26f1/Editor/Data/PlaybackEngines/WebGLSupport/UnityEditor.WebGL.Extensions.dll
Register platform support module: C:/Program Files/Unity/Hub/Editor/2020.3.26f1/Editor/Data/PlaybackEngines/WindowsStandaloneSupport/UnityEditor.WindowsStandalone.Extensions.dll
Registered in 0.000914 seconds.
Native extension for WindowsStandalone target not found
Native extension for WebGL target not found
Refreshing native plugins compatible for Editor in 42.77 ms, found 3 plugins.
Preloading 0 native plugins for Editor in 0.00 ms.
Mono: successfully reloaded assembly
- Completed reload, in  0.449 seconds
Domain Reload Profiling:
	ReloadAssembly (450ms)
		BeginReloadAssembly (37ms)
			ExecutionOrderSort (0ms)
			DisableScriptedObjects (0ms)
			BackupInstance (0ms)
			ReleaseScriptingObjects (0ms)
			CreateAndSetChildDomain (1ms)
		EndReloadAssembly (358ms)
			LoadAssemblies (37ms)
			RebuildTransferFunctionScriptingTraits (0ms)
			SetupTypeCache (117ms)
			ReleaseScriptCaches (0ms)
			RebuildScriptCaches (24ms)
			SetupLoadedEditorAssemblies (144ms)
				LogAssemblyErrors (0ms)
				InitializePlatformSupportModulesInManaged (4ms)
				SetLoadedEditorAssemblies (0ms)
				RefreshPlugins (43ms)
				BeforeProcessingInitializeOnLoad (10ms)
				ProcessInitializeOnLoadAttributes (66ms)
				ProcessInitializeOnLoadMethodAttributes (21ms)
				AfterProcessingInitializeOnLoad (0ms)
				EditorAssembliesLoaded (0ms)
			ExecutionOrderSort2 (0ms)
			AwakeInstancesAfterBackupRestoration (0ms)
Platform modules already initialized, skipping
Registering precompiled user dll's ...
Registered in 0.002316 seconds.
Begin MonoManager ReloadAssembly
Native extension for WindowsStandalone target not found
Native extension for WebGL target not found
Refreshing native plugins compatible for Editor in 43.88 ms, found 3 plugins.
Preloading 0 native plugins for Editor in 0.00 ms.
Mono: successfully reloaded assembly
- Completed reload, in  0.875 seconds
Domain Reload Profiling:
	ReloadAssembly (876ms)
		BeginReloadAssembly (108ms)
			ExecutionOrderSort (0ms)
			DisableScriptedObjects (4ms)
			BackupInstance (0ms)
			ReleaseScriptingObjects (0ms)
			CreateAndSetChildDomain (15ms)
		EndReloadAssembly (723ms)
			LoadAssemblies (65ms)
			RebuildTransferFunctionScriptingTraits (0ms)
			SetupTypeCache (240ms)
			ReleaseScriptCaches (0ms)
			RebuildScriptCaches (39ms)
			SetupLoadedEditorAssemblies (284ms)
				LogAssemblyErrors (0ms)
				InitializePlatformSupportModulesInManaged (3ms)
				SetLoadedEditorAssemblies (0ms)
				RefreshPlugins (44ms)
				BeforeProcessingInitializeOnLoad (61ms)
				ProcessInitializeOnLoadAttributes (161ms)
				ProcessInitializeOnLoadMethodAttributes (13ms)
				AfterProcessingInitializeOnLoad (2ms)
				EditorAssembliesLoaded (0ms)
			ExecutionOrderSort2 (0ms)
			AwakeInstancesAfterBackupRestoration (5ms)
Platform modules already initialized, skipping
========================================================================
Worker process is ready to serve import requests
Launched and connected shader compiler UnityShaderCompiler.exe after 0.03 seconds
Refreshing native plugins compatible for Editor in 0.55 ms, found 3 plugins.
Preloading 0 native plugins for Editor in 0.00 ms.
Unloading 2304 Unused Serialized files (Serialized files now loaded: 0)
System memory in use before: 118.8 MB.
System memory in use after: 119.0 MB.

Unloading 40 unused Assets to reduce memory usage. Loaded Objects now: 2747.
Total: 2.937300 ms (FindLiveObjects: 0.194800 ms CreateObjectMapping: 0.064900 ms MarkObjects: 2.654600 ms  DeleteObjects: 0.022100 ms)

AssetImportParameters requested are different than current active one (requested -> active):
  custom:framework-win-MediaFoundation: 216162199b28c13a410421893ffa2e32 -> 
  custom:video-decoder-ogg-theora: a1e56fd34408186e4bbccfd4996cb3dc -> 
  custom:container-muxer-webm: aa71ff27fc2769a1b78a27578f13a17b -> 
  custom:container-demuxer-webm: 4f35f7cbe854078d1ac9338744f61a02 -> 
  custom:container-demuxer-ogg: 62fdf1f143b41e24485cea50d1cbac27 -> 
  custom:video-encoder-webm-vp8: eb34c28f22e8b96e1ab97ce403110664 -> 
  custom:video-decoder-webm-vp8: 9c59270c3fd7afecdb556c50c9e8de78 -> 
  custom:audio-decoder-ogg-vorbis: bf7c407c2cedff20999df2af8eb42d56 -> 
  custom:audio-encoder-webm-vorbis: bf7c407c2cedff20999df2af8eb42d56 -> 
========================================================================
Received Import Request.
  path: Assets/Fonts/Finlandica-Regular.ttf
  artifactKey: Guid(1ce7746776b062942b5adc4cfd3417b9) Importer(815301076,1909f56bfc062723c751e8b465ee728b)
Start importing Assets/Fonts/Finlandica-Regular.ttf using Guid(1ce7746776b062942b5adc4cfd3417b9) Importer(815301076,1909f56bfc062723c751e8b465ee728b)  -> (artifact id: '6e447e915097898f3b99ad5ebb2d9487') in 0.118629 seconds 
  Import took 0.121794 seconds .

========================================================================
Received Import Request.
  Time since last request: 0.000173 seconds.
  path: Assets/Fonts/Finlandica-Italic-VariableFont_wght.ttf
  artifactKey: Guid(f5ac6eac56ed1b44cbb7ab91c7c92abc) Importer(815301076,1909f56bfc062723c751e8b465ee728b)
Start importing Assets/Fonts/Finlandica-Italic-VariableFont_wght.ttf using Guid(f5ac6eac56ed1b44cbb7ab91c7c92abc) Importer(815301076,1909f56bfc062723c751e8b465ee728b)  -> (artifact id: '96748b0798bfdbcb6f0c9a9c571de763') in 0.012354 seconds 
  Import took 0.015421 seconds .

========================================================================
Received Import Request.
  Time since last request: 0.000187 seconds.
  path: Assets/Fonts/Finlandica-MediumItalic.ttf
  artifactKey: Guid(c2932cfbc86d5d8449a89bb97c1354a0) Importer(815301076,1909f56bfc062723c751e8b465ee728b)
Start importing Assets/Fonts/Finlandica-MediumItalic.ttf using Guid(c2932cfbc86d5d8449a89bb97c1354a0) Importer(815301076,1909f56bfc062723c751e8b465ee728b)  -> (artifact id: 'eb1bb2abfa9257c5d812a90be1e72a71') in 0.010755 seconds 
  Import took 0.014093 seconds .

========================================================================
Received Import Request.
  Time since last request: 0.000238 seconds.
  path: Assets/Fonts/Finlandica-VariableFont_wght.ttf
  artifactKey: Guid(30c3e6e0ac647754c8d4dfaa53b478d6) Importer(815301076,1909f56bfc062723c751e8b465ee728b)
Start importing Assets/Fonts/Finlandica-VariableFont_wght.ttf using Guid(30c3e6e0ac647754c8d4dfaa53b478d6) Importer(815301076,1909f56bfc062723c751e8b465ee728b)  -> (artifact id: '6e39ce9de04b790512ad2b64859ae686') in 0.010683 seconds 
  Import took 0.014412 seconds .

========================================================================
Received Import Request.
  Time since last request: 0.000184 seconds.
  path: Assets/Fonts/Finlandica-Bold.ttf
  artifactKey: Guid(0263e8baddebc9b449a22abe239b7cc7) Importer(815301076,1909f56bfc062723c751e8b465ee728b)
Start importing Assets/Fonts/Finlandica-Bold.ttf using Guid(0263e8baddebc9b449a22abe239b7cc7) Importer(815301076,1909f56bfc062723c751e8b465ee728b)  -> (artifact id: '3ee686b615511a079ab00aa536f07b01') in 0.011043 seconds 
  Import took 0.013997 seconds .

========================================================================
Received Import Request.
  Time since last request: 0.000179 seconds.
  path: Assets/Fonts/Finlandica-Medium.ttf
  artifactKey: Guid(0605ba3e7c2a2e84d98fc6e76f3ce994) Importer(815301076,1909f56bfc062723c751e8b465ee728b)
Start importing Assets/Fonts/Finlandica-Medium.ttf using Guid(0605ba3e7c2a2e84d98fc6e76f3ce994) Importer(815301076,1909f56bfc062723c751e8b465ee728b)  -> (artifact id: '336b44f7697f09a4be5f1284945b551c') in 0.011211 seconds 
  Import took 0.014258 seconds .

========================================================================
Received Import Request.
  Time since last request: 0.000191 seconds.
  path: Assets/Fonts/Finlandica-SemiBold.ttf
  artifactKey: Guid(20f54ab688973de4f81256787b06ac7f) Importer(815301076,1909f56bfc062723c751e8b465ee728b)
Start importing Assets/Fonts/Finlandica-SemiBold.ttf using Guid(20f54ab688973de4f81256787b06ac7f) Importer(815301076,1909f56bfc062723c751e8b465ee728b)  -> (artifact id: '911e33c1ea6abeb8a66ab4c7c627c3f3') in 0.011163 seconds 
  Import took 0.014318 seconds .

========================================================================
Received Import Request.
  Time since last request: 0.000181 seconds.
  path: Assets/Fonts/Finlandica-Italic.ttf
  artifactKey: Guid(6bd29fc05ba3bc84dbc205938d36243e) Importer(815301076,1909f56bfc062723c751e8b465ee728b)
Start importing Assets/Fonts/Finlandica-Italic.ttf using Guid(6bd29fc05ba3bc84dbc205938d36243e) Importer(815301076,1909f56bfc062723c751e8b465ee728b)  -> (artifact id: '83d9d4fd7aefe05a42a96ec349bd5365') in 0.010833 seconds 
  Import took 0.013728 seconds .

========================================================================
Received Import Request.
  Time since last request: 0.000227 seconds.
  path: Assets/Fonts/Finlandica-SemiBoldItalic.ttf
  artifactKey: Guid(94e7430ef7610124d8fd5ef51bbd29eb) Importer(815301076,1909f56bfc062723c751e8b465ee728b)
Start importing Assets/Fonts/Finlandica-SemiBoldItalic.ttf using Guid(94e7430ef7610124d8fd5ef51bbd29eb) Importer(815301076,1909f56bfc062723c751e8b465ee728b)  -> (artifact id: '88666782548fcfb40659c46ce55431a3') in 0.011109 seconds 
  Import took 0.014197 seconds .

========================================================================
Received Import Request.
  Time since last request: 0.000161 seconds.
  path: Assets/Scenes/BlockCompleteWait.prefab
  artifactKey: Guid(a8a2bb5544da4f74ba70bf4e1db0b122) Importer(815301076,1909f56bfc062723c751e8b465ee728b)
Start importing Assets/Scenes/BlockCompleteWait.prefab using Guid(a8a2bb5544da4f74ba70bf4e1db0b122) Importer(815301076,1909f56bfc062723c751e8b465ee728b)  -> (artifact id: '73ce37cf03661a2af7aca115c945011a') in 0.020993 seconds 
  Import took 0.024127 seconds .

========================================================================
Received Import Request.
  Time since last request: 0.000179 seconds.
  path: Assets/Scenes/SampleScene.unity
  artifactKey: Guid(2cda990e2423bbf4892e6590ba056729) Importer(815301076,1909f56bfc062723c751e8b465ee728b)
Start importing Assets/Scenes/SampleScene.unity using Guid(2cda990e2423bbf4892e6590ba056729) Importer(815301076,1909f56bfc062723c751e8b465ee728b)  -> (artifact id: '058666484f7dcf59155011d5997d7b9f') in 0.004782 seconds 
  Import took 0.008226 seconds .

========================================================================
Received Import Request.
  Time since last request: 0.000156 seconds.
  path: Assets/Fonts/Finlandica-BoldItalic.ttf
  artifactKey: Guid(dd334c4cd737837479b1eb36a59d8611) Importer(815301076,1909f56bfc062723c751e8b465ee728b)
Start importing Assets/Fonts/Finlandica-BoldItalic.ttf using Guid(dd334c4cd737837479b1eb36a59d8611) Importer(815301076,1909f56bfc062723c751e8b465ee728b)  -> (artifact id: 'd94e61b4109ff5f3354cbc17f9823ed1') in 0.011757 seconds 
  Import took 0.015057 seconds .

========================================================================
Received Import Request.
  Time since last request: 24.392117 seconds.
  path: Assets/Scenes/MainScene.unity
  artifactKey: Guid(2cda990e2423bbf4892e6590ba056729) Importer(815301076,1909f56bfc062723c751e8b465ee728b)
Start importing Assets/Scenes/MainScene.unity using Guid(2cda990e2423bbf4892e6590ba056729) Importer(815301076,1909f56bfc062723c751e8b465ee728b)  -> (artifact id: '9970e370f78b748c3cf573cad1260ddc') in 0.005359 seconds 
  Import took 0.008555 seconds .

AssetImportWorkerClient::OnTransportError - code=2 error=End of file
